<?xml version="1.0" encoding="UTF-8"?>
<!-- Generated by org.testng.reporters.JUnitReportReporter -->
<testsuite skipped="0" hostname="Notebook" name="com.kreditech.searchInGoogleTest.SearchKreditechTest" tests="1" failures="0" timestamp="23 июл 2017 19:49:55 GMT" time="23.579" errors="0">
  <testcase name="testCanSearchInGoogle" time="23.579" classname="com.kreditech.searchInGoogleTest.SearchKreditechTest"/>
</testsuite> <!-- com.kreditech.searchInGoogleTest.SearchKreditechTest -->
