<?xml version="1.0" encoding="UTF-8"?>
<!-- Generated by org.testng.reporters.JUnitReportReporter -->
<testsuite skipped="0" hostname="Notebook" name="com.kreditech.socialLinksTest.SocialLinksVisitTest" tests="1" failures="0" timestamp="23 июл 2017 19:49:55 GMT" time="66.040" errors="0">
  <testcase name="testCanOpenSocialCompanyProfiles" time="66.040" classname="com.kreditech.socialLinksTest.SocialLinksVisitTest"/>
</testsuite> <!-- com.kreditech.socialLinksTest.SocialLinksVisitTest -->
