<?xml version="1.0" encoding="UTF-8"?>
<!-- Generated by org.testng.reporters.JUnitReportReporter -->
<testsuite skipped="0" hostname="Notebook" name="com.kreditech.navigationBarItemsTest.NavigationBarTest" tests="1" failures="0" timestamp="23 июл 2017 19:49:55 GMT" time="173.398" errors="0">
  <testcase name="canOpenPagesFromNavBar" time="173.398" classname="com.kreditech.navigationBarItemsTest.NavigationBarTest"/>
</testsuite> <!-- com.kreditech.navigationBarItemsTest.NavigationBarTest -->
